<?xml version="1.0" encoding="UTF-8"?>
<testng-results skipped="0" failed="0" ignored="0" total="6" passed="6">
  <reporter-output>
  </reporter-output>
  <suite name="Default suite" duration-ms="48716" started-at="2017-12-14T05:21:32Z" finished-at="2017-12-14T05:22:20Z">
    <groups>
    </groups>
    <test name="Default test" duration-ms="48716" started-at="2017-12-14T05:21:32Z" finished-at="2017-12-14T05:22:20Z">
      <class name="GitHubTest.GitHubTest">
        <test-method status="PASS" signature="setUp()[pri:0, instance:GitHubTest.GitHubTest@475530b9]" name="setUp" is-config="true" duration-ms="39280" started-at="2017-12-14T00:21:32Z" finished-at="2017-12-14T00:22:11Z">
          <reporter-output>
          </reporter-output>
        </test-method> <!-- setUp -->
        <test-method status="PASS" signature="verifyTestName()[pri:0, instance:GitHubTest.GitHubTest@475530b9]" name="verifyTestName" duration-ms="5948" started-at="2017-12-14T00:22:11Z" finished-at="2017-12-14T00:22:17Z">
          <reporter-output>
          </reporter-output>
        </test-method> <!-- verifyTestName -->
        <test-method status="PASS" signature="verifyCircuitSmoothPursuit()[pri:1, instance:GitHubTest.GitHubTest@475530b9]" name="verifyCircuitSmoothPursuit" duration-ms="1713" started-at="2017-12-14T00:22:17Z" finished-at="2017-12-14T00:22:19Z">
          <reporter-output>
          </reporter-output>
        </test-method> <!-- verifyCircuitSmoothPursuit -->
        <test-method status="PASS" signature="verifyHorizontalSmoothPursuit()[pri:2, instance:GitHubTest.GitHubTest@475530b9]" name="verifyHorizontalSmoothPursuit" duration-ms="480" started-at="2017-12-14T00:22:19Z" finished-at="2017-12-14T00:22:19Z">
          <reporter-output>
          </reporter-output>
        </test-method> <!-- verifyHorizontalSmoothPursuit -->
        <test-method status="PASS" signature="verifyVerticalSmoothPursuit()[pri:3, instance:GitHubTest.GitHubTest@475530b9]" name="verifyVerticalSmoothPursuit" duration-ms="514" started-at="2017-12-14T00:22:19Z" finished-at="2017-12-14T00:22:20Z">
          <reporter-output>
          </reporter-output>
        </test-method> <!-- verifyVerticalSmoothPursuit -->
        <test-method status="PASS" signature="verifyChoiceReactionTime()[pri:4, instance:GitHubTest.GitHubTest@475530b9]" name="verifyChoiceReactionTime" duration-ms="199" started-at="2017-12-14T00:22:20Z" finished-at="2017-12-14T00:22:20Z">
          <reporter-output>
          </reporter-output>
        </test-method> <!-- verifyChoiceReactionTime -->
        <test-method status="PASS" signature="verifyDiscriminateReactionTime()[pri:5, instance:GitHubTest.GitHubTest@475530b9]" name="verifyDiscriminateReactionTime" duration-ms="223" started-at="2017-12-14T00:22:20Z" finished-at="2017-12-14T00:22:20Z">
          <reporter-output>
          </reporter-output>
        </test-method> <!-- verifyDiscriminateReactionTime -->
        <test-method status="PASS" signature="Exit()[pri:0, instance:GitHubTest.GitHubTest@475530b9]" name="Exit" is-config="true" duration-ms="229" started-at="2017-12-14T00:22:20Z" finished-at="2017-12-14T00:22:20Z">
          <reporter-output>
          </reporter-output>
        </test-method> <!-- Exit -->
      </class> <!-- GitHubTest.GitHubTest -->
    </test> <!-- Default test -->
  </suite> <!-- Default suite -->
</testng-results>
